[debug] [2018-08-14T20:21:17.840Z] ----------------------------------------------------------------------
[debug] [2018-08-14T20:21:17.846Z] Command:       C:\Program Files\nodejs\node.exe C:\Users\MHasan\AppData\Roaming\npm\node_modules\firebase-tools\bin\firebase deploy
[debug] [2018-08-14T20:21:17.847Z] CLI Version:   4.1.0
[debug] [2018-08-14T20:21:17.847Z] Platform:      win32
[debug] [2018-08-14T20:21:17.847Z] Node Version:  v8.11.3
[debug] [2018-08-14T20:21:17.848Z] Time:          Tue Aug 14 2018 15:21:17 GMT-0500 (Central Daylight Time)
[debug] [2018-08-14T20:21:17.848Z] ----------------------------------------------------------------------
[debug] 
[debug] [2018-08-14T20:21:17.884Z] > command requires scopes: ["email","openid","https://www.googleapis.com/auth/cloudplatformprojects.readonly","https://www.googleapis.com/auth/firebase","https://www.googleapis.com/auth/cloud-platform"]
[debug] [2018-08-14T20:21:17.886Z] > authorizing via signed-in user
[debug] [2018-08-14T20:21:17.893Z] > refreshing access token with scopes: ["email","https://www.googleapis.com/auth/cloud-platform","https://www.googleapis.com/auth/cloudplatformprojects.readonly","https://www.googleapis.com/auth/firebase","openid"]
[debug] [2018-08-14T20:21:17.894Z] >>> HTTP REQUEST POST https://www.googleapis.com/oauth2/v3/token  

[debug] [2018-08-14T20:21:18.245Z] <<< HTTP RESPONSE 200
[debug] [2018-08-14T20:21:18.294Z] >>> HTTP REQUEST GET https://admin.firebase.com/v1/projects/travel-quiz-project  
 
[debug] [2018-08-14T20:21:18.701Z] <<< HTTP RESPONSE 200
[debug] [2018-08-14T20:21:18.703Z] >>> HTTP REQUEST GET https://admin.firebase.com/v1/database/travel-quiz-project/tokens  
 
[debug] [2018-08-14T20:21:19.138Z] <<< HTTP RESPONSE 200
[info] 
[info] === Deploying to 'travel-quiz-project'...
[info] 
[info] i  deploying database, storage, firestore, functions, hosting
[debug] [2018-08-14T20:21:28.769Z] Error: ENOENT: no such file or directory, open 'C:\Users\MHasan\Documents\personal_projects\travel-quiz\travel-quiz\database.rules.json'
    at Object.fs.openSync (fs.js:646:18)
    at Object.fs.readFileSync (fs.js:551:33)
    at Config.readProjectFile (C:\Users\MHasan\AppData\Roaming\npm\node_modules\firebase-tools\lib\config.js:176:22)
    at C:\Users\MHasan\AppData\Roaming\npm\node_modules\firebase-tools\lib\deploy\database\prepare.js:52:42
    at C:\Users\MHasan\AppData\Roaming\npm\node_modules\firebase-tools\node_modules\lodash\lodash.js:4925:15
    at baseForOwn (C:\Users\MHasan\AppData\Roaming\npm\node_modules\firebase-tools\node_modules\lodash\lodash.js:3010:24)
    at C:\Users\MHasan\AppData\Roaming\npm\node_modules\firebase-tools\node_modules\lodash\lodash.js:4894:18
    at Function.forEach (C:\Users\MHasan\AppData\Roaming\npm\node_modules\firebase-tools\node_modules\lodash\lodash.js:9342:14)
    at module.exports (C:\Users\MHasan\AppData\Roaming\npm\node_modules\firebase-tools\lib\deploy\database\prepare.js:49:5)
    at _chain (C:\Users\MHasan\AppData\Roaming\npm\node_modules\firebase-tools\lib\deploy\index.js:26:38)
[error] 
[error] Error: An unexpected error has occurred.
[debug] [2018-08-14T20:22:05.591Z] ----------------------------------------------------------------------
[debug] [2018-08-14T20:22:05.597Z] Command:       C:\Program Files\nodejs\node.exe C:\Users\MHasan\AppData\Roaming\npm\node_modules\firebase-tools\bin\firebase deploy
[debug] [2018-08-14T20:22:05.598Z] CLI Version:   4.1.0
[debug] [2018-08-14T20:22:05.598Z] Platform:      win32
[debug] [2018-08-14T20:22:05.598Z] Node Version:  v8.11.3
[debug] [2018-08-14T20:22:05.600Z] Time:          Tue Aug 14 2018 15:22:05 GMT-0500 (Central Daylight Time)
[debug] [2018-08-14T20:22:05.600Z] ----------------------------------------------------------------------
[debug] 
[debug] [2018-08-14T20:22:05.640Z] > command requires scopes: ["email","openid","https://www.googleapis.com/auth/cloudplatformprojects.readonly","https://www.googleapis.com/auth/firebase","https://www.googleapis.com/auth/cloud-platform"]
[debug] [2018-08-14T20:22:05.647Z] > authorizing via signed-in user
[debug] [2018-08-14T20:22:05.656Z] >>> HTTP REQUEST GET https://admin.firebase.com/v1/projects/travel-quiz-project  
 
[debug] [2018-08-14T20:22:06.131Z] <<< HTTP RESPONSE 200
[debug] [2018-08-14T20:22:06.134Z] >>> HTTP REQUEST GET https://admin.firebase.com/v1/database/travel-quiz-project/tokens  
 
[debug] [2018-08-14T20:22:06.536Z] <<< HTTP RESPONSE 200
[info] 
[info] === Deploying to 'travel-quiz-project'...
[info] 
[info] i  deploying database, storage, firestore, functions, hosting
[debug] [2018-08-14T20:22:19.964Z] Error: ENOENT: no such file or directory, open 'C:\Users\MHasan\Documents\personal_projects\travel-quiz\travel-quiz\database.rules.json'
    at Object.fs.openSync (fs.js:646:18)
    at Object.fs.readFileSync (fs.js:551:33)
    at Config.readProjectFile (C:\Users\MHasan\AppData\Roaming\npm\node_modules\firebase-tools\lib\config.js:176:22)
    at C:\Users\MHasan\AppData\Roaming\npm\node_modules\firebase-tools\lib\deploy\database\prepare.js:52:42
    at C:\Users\MHasan\AppData\Roaming\npm\node_modules\firebase-tools\node_modules\lodash\lodash.js:4925:15
    at baseForOwn (C:\Users\MHasan\AppData\Roaming\npm\node_modules\firebase-tools\node_modules\lodash\lodash.js:3010:24)
    at C:\Users\MHasan\AppData\Roaming\npm\node_modules\firebase-tools\node_modules\lodash\lodash.js:4894:18
    at Function.forEach (C:\Users\MHasan\AppData\Roaming\npm\node_modules\firebase-tools\node_modules\lodash\lodash.js:9342:14)
    at module.exports (C:\Users\MHasan\AppData\Roaming\npm\node_modules\firebase-tools\lib\deploy\database\prepare.js:49:5)
    at _chain (C:\Users\MHasan\AppData\Roaming\npm\node_modules\firebase-tools\lib\deploy\index.js:26:38)
[error] 
[error] Error: An unexpected error has occurred.
[debug] [2018-08-14T20:24:45.544Z] ----------------------------------------------------------------------
[debug] [2018-08-14T20:24:45.550Z] Command:       C:\Program Files\nodejs\node.exe C:\Users\MHasan\AppData\Roaming\npm\node_modules\firebase-tools\bin\firebase deploy
[debug] [2018-08-14T20:24:45.550Z] CLI Version:   4.1.0
[debug] [2018-08-14T20:24:45.551Z] Platform:      win32
[debug] [2018-08-14T20:24:45.551Z] Node Version:  v8.11.3
[debug] [2018-08-14T20:24:45.552Z] Time:          Tue Aug 14 2018 15:24:45 GMT-0500 (Central Daylight Time)
[debug] [2018-08-14T20:24:45.553Z] ----------------------------------------------------------------------
[debug] 
[debug] [2018-08-14T20:24:45.581Z] > command requires scopes: ["email","openid","https://www.googleapis.com/auth/cloudplatformprojects.readonly","https://www.googleapis.com/auth/firebase","https://www.googleapis.com/auth/cloud-platform"]
[debug] [2018-08-14T20:24:45.583Z] > authorizing via signed-in user
[debug] [2018-08-14T20:24:45.589Z] >>> HTTP REQUEST GET https://admin.firebase.com/v1/projects/travel-quiz-project  
 
[debug] [2018-08-14T20:24:46.018Z] <<< HTTP RESPONSE 200
[debug] [2018-08-14T20:24:46.020Z] >>> HTTP REQUEST GET https://admin.firebase.com/v1/database/travel-quiz-project/tokens  
 
[debug] [2018-08-14T20:24:46.390Z] <<< HTTP RESPONSE 200
[info] 
[info] === Deploying to 'travel-quiz-project'...
[info] 
[info] i  deploying database, storage, firestore, functions, hosting
[debug] [2018-08-14T20:24:55.286Z] Error: ENOENT: no such file or directory, open 'C:\Users\MHasan\Documents\personal_projects\travel-quiz\travel-quiz\database.rules.json'
    at Object.fs.openSync (fs.js:646:18)
    at Object.fs.readFileSync (fs.js:551:33)
    at Config.readProjectFile (C:\Users\MHasan\AppData\Roaming\npm\node_modules\firebase-tools\lib\config.js:176:22)
    at C:\Users\MHasan\AppData\Roaming\npm\node_modules\firebase-tools\lib\deploy\database\prepare.js:52:42
    at C:\Users\MHasan\AppData\Roaming\npm\node_modules\firebase-tools\node_modules\lodash\lodash.js:4925:15
    at baseForOwn (C:\Users\MHasan\AppData\Roaming\npm\node_modules\firebase-tools\node_modules\lodash\lodash.js:3010:24)
    at C:\Users\MHasan\AppData\Roaming\npm\node_modules\firebase-tools\node_modules\lodash\lodash.js:4894:18
    at Function.forEach (C:\Users\MHasan\AppData\Roaming\npm\node_modules\firebase-tools\node_modules\lodash\lodash.js:9342:14)
    at module.exports (C:\Users\MHasan\AppData\Roaming\npm\node_modules\firebase-tools\lib\deploy\database\prepare.js:49:5)
    at _chain (C:\Users\MHasan\AppData\Roaming\npm\node_modules\firebase-tools\lib\deploy\index.js:26:38)
[error] 
[error] Error: An unexpected error has occurred.
[debug] [2018-08-14T20:27:18.933Z] ----------------------------------------------------------------------
[debug] [2018-08-14T20:27:18.938Z] Command:       C:\Program Files\nodejs\node.exe C:\Users\MHasan\AppData\Roaming\npm\node_modules\firebase-tools\bin\firebase deploy
[debug] [2018-08-14T20:27:18.939Z] CLI Version:   4.1.0
[debug] [2018-08-14T20:27:18.939Z] Platform:      win32
[debug] [2018-08-14T20:27:18.939Z] Node Version:  v8.11.3
[debug] [2018-08-14T20:27:18.940Z] Time:          Tue Aug 14 2018 15:27:18 GMT-0500 (Central Daylight Time)
[debug] [2018-08-14T20:27:18.941Z] ----------------------------------------------------------------------
[debug] 
[debug] [2018-08-14T20:27:18.967Z] > command requires scopes: ["email","openid","https://www.googleapis.com/auth/cloudplatformprojects.readonly","https://www.googleapis.com/auth/firebase","https://www.googleapis.com/auth/cloud-platform"]
[debug] [2018-08-14T20:27:18.969Z] > authorizing via signed-in user
[debug] [2018-08-14T20:27:18.975Z] >>> HTTP REQUEST GET https://admin.firebase.com/v1/projects/travel-quiz-project  
 
[debug] [2018-08-14T20:27:19.395Z] <<< HTTP RESPONSE 200
[debug] [2018-08-14T20:27:19.397Z] >>> HTTP REQUEST GET https://admin.firebase.com/v1/database/travel-quiz-project/tokens  
 
[debug] [2018-08-14T20:27:19.723Z] <<< HTTP RESPONSE 200
[info] 
[info] === Deploying to 'travel-quiz-project'...
[info] 
[info] i  deploying database, storage, firestore, functions, hosting
[debug] [2018-08-14T20:27:28.736Z] Error: ENOENT: no such file or directory, open 'C:\Users\MHasan\Documents\personal_projects\travel-quiz\travel-quiz\database.rules.json'
    at Object.fs.openSync (fs.js:646:18)
    at Object.fs.readFileSync (fs.js:551:33)
    at Config.readProjectFile (C:\Users\MHasan\AppData\Roaming\npm\node_modules\firebase-tools\lib\config.js:176:22)
    at C:\Users\MHasan\AppData\Roaming\npm\node_modules\firebase-tools\lib\deploy\database\prepare.js:52:42
    at C:\Users\MHasan\AppData\Roaming\npm\node_modules\firebase-tools\node_modules\lodash\lodash.js:4925:15
    at baseForOwn (C:\Users\MHasan\AppData\Roaming\npm\node_modules\firebase-tools\node_modules\lodash\lodash.js:3010:24)
    at C:\Users\MHasan\AppData\Roaming\npm\node_modules\firebase-tools\node_modules\lodash\lodash.js:4894:18
    at Function.forEach (C:\Users\MHasan\AppData\Roaming\npm\node_modules\firebase-tools\node_modules\lodash\lodash.js:9342:14)
    at module.exports (C:\Users\MHasan\AppData\Roaming\npm\node_modules\firebase-tools\lib\deploy\database\prepare.js:49:5)
    at _chain (C:\Users\MHasan\AppData\Roaming\npm\node_modules\firebase-tools\lib\deploy\index.js:26:38)
[error] 
[error] Error: An unexpected error has occurred.
